d:\c++\myprojects\of_v20200427_vs2017_release\apps\myapps\particle_life\obj\x64\release\ofxguigroup.obj
d:\c++\myprojects\of_v20200427_vs2017_release\apps\myapps\particle_life\obj\x64\release\ofxbasegui.obj
d:\c++\myprojects\of_v20200427_vs2017_release\apps\myapps\particle_life\obj\x64\release\ofapp.obj
d:\c++\myprojects\of_v20200427_vs2017_release\apps\myapps\particle_life\obj\x64\release\ofxcolorpicker.obj
d:\c++\myprojects\of_v20200427_vs2017_release\apps\myapps\particle_life\obj\x64\release\ofxslidergroup.obj
d:\c++\myprojects\of_v20200427_vs2017_release\apps\myapps\particle_life\obj\x64\release\main.obj
d:\c++\myprojects\of_v20200427_vs2017_release\apps\myapps\particle_life\obj\x64\release\ofxtoggle.obj
d:\c++\myprojects\of_v20200427_vs2017_release\apps\myapps\particle_life\obj\x64\release\ofxbutton.obj
d:\c++\myprojects\of_v20200427_vs2017_release\apps\myapps\particle_life\obj\x64\release\ofxpanel.obj
d:\c++\myprojects\of_v20200427_vs2017_release\apps\myapps\particle_life\obj\x64\release\ofxlabel.obj
d:\c++\myprojects\of_v20200427_vs2017_release\apps\myapps\particle_life\obj\x64\release\ofxslider.obj
d:\c++\myprojects\of_v20200427_vs2017_release\apps\myapps\particle_life\obj\x64\release\ofxinputfield.obj
d:\c++\myprojects\of_v20200427_vs2017_release\apps\myapps\particle_life\obj\x64\release\vc142.pdb
d:\c++\myprojects\of_v20200427_vs2017_release\apps\myapps\particle_life\bin\particle_life.exe
d:\c++\myprojects\of_v20200427_vs2017_release\apps\myapps\particle_life\bin\particle_life.lib
d:\c++\myprojects\of_v20200427_vs2017_release\apps\myapps\particle_life\bin\particle_life.exp
d:\c++\myprojects\of_v20200427_vs2017_release\apps\myapps\particle_life\obj\x64\release\icon.res
d:\c++\myprojects\of_v20200427_vs2017_release\apps\myapps\particle_life\obj\x64\release\particle_life.tlog\cl.12176.write.1.tlog
d:\c++\myprojects\of_v20200427_vs2017_release\apps\myapps\particle_life\obj\x64\release\particle_life.tlog\cl.command.1.tlog
d:\c++\myprojects\of_v20200427_vs2017_release\apps\myapps\particle_life\obj\x64\release\particle_life.tlog\cl.read.1.tlog
d:\c++\myprojects\of_v20200427_vs2017_release\apps\myapps\particle_life\obj\x64\release\particle_life.tlog\link.command.1.tlog
d:\c++\myprojects\of_v20200427_vs2017_release\apps\myapps\particle_life\obj\x64\release\particle_life.tlog\link.read.1.tlog
d:\c++\myprojects\of_v20200427_vs2017_release\apps\myapps\particle_life\obj\x64\release\particle_life.tlog\link.write.1.tlog
d:\c++\myprojects\of_v20200427_vs2017_release\apps\myapps\particle_life\obj\x64\release\particle_life.tlog\particle_life.write.1u.tlog
d:\c++\myprojects\of_v20200427_vs2017_release\apps\myapps\particle_life\obj\x64\release\particle_life.tlog\rc.command.1.tlog
d:\c++\myprojects\of_v20200427_vs2017_release\apps\myapps\particle_life\obj\x64\release\particle_life.tlog\rc.read.1.tlog
d:\c++\myprojects\of_v20200427_vs2017_release\apps\myapps\particle_life\obj\x64\release\particle_life.tlog\rc.write.1.tlog
